C51 COMPILER V9.56.0.0   ______                                                            01/11/2022 19:44:29 PAGE 1   


C51 COMPILER V9.56.0.0, COMPILATION OF MODULE ______
OBJECT MODULE PLACED IN .\Objects\计时器.obj
COMPILER INVOKED BY: C:\Keil_v5\C51\BIN\C51.EXE 计时器.c OPTIMIZE(8,SPEED) BROWSE DEBUG OBJECTEXTEND PRINT(.\Listings\计
                    -时器.lst) TABS(2) OBJECT(.\Objects\计时器.obj)

line level    source

   1          #include<reg51.h>
   2          unsigned char code table[]={0x3f,0x06,0x5b,0x4f,0x66,0x6d,0x7d,0x07,
   3                                        0x7f,0x6f,0x77,0x7c,0x39,0x5e,0x79,0x71}; 
   4           
   5          unsigned char count,timer;
   6          void t0_init()
   7          {
   8   1          TMOD = 0x01;    
   9   1          IE = 0x82;     
  10   1          TR0 = 1;        
  11   1          TH0 = 0x3c; 
  12   1          TL0 = 0xb0;     
  13   1      }
  14          void main()
  15          {
  16   1          t0_init();
  17   1          count = 0;
  18   1          timer = 0;
  19   1          while(1);
  20   1      }
  21          void t0_func() interrupt 1
  22          {
  23   1          TH0 = (65535 - 50000) / 256;      
  24   1          TL0 = (65535 - 50000) / 256; 
  25   1          if(timer < 20)  //50ms*20=1s
  26   1          {
  27   2              timer = timer +1;
  28   2          }
  29   1          else if(timer == 20)    
  30   1          {
  31   2              timer = 0;  
  32   2              if(count == 10)     
  33   2              {
  34   3                  P0 = ~table[0];
  35   3                  count = 1;
  36   3              }
  37   2              else    
  38   2              {
  39   3                  P0 = ~table[count];
  40   3                  count++;
  41   3              }
  42   2          }
  43   1      }
  44           
  45           
  46           


MODULE INFORMATION:   STATIC OVERLAYABLE
   CODE SIZE        =    395    ----
   CONSTANT SIZE    =     65    ----
   XDATA SIZE       =   ----    ----
   PDATA SIZE       =   ----    ----
   DATA SIZE        =      2       6
C51 COMPILER V9.56.0.0   ______                                                            01/11/2022 19:44:29 PAGE 2   

   IDATA SIZE       =   ----    ----
   BIT SIZE         =   ----    ----
END OF MODULE INFORMATION.


C51 COMPILATION COMPLETE.  0 WARNING(S),  0 ERROR(S)
