C51 COMPILER V9.56.0.0   LAC1602_MFJ                                                       01/11/2022 14:39:52 PAGE 1   


C51 COMPILER V9.56.0.0, COMPILATION OF MODULE LAC1602_MFJ
OBJECT MODULE PLACED IN .\Objects\lac1602_mfj.obj
COMPILER INVOKED BY: C:\Keil_v5\C51\BIN\C51.EXE lac1602_mfj.c OPTIMIZE(8,SPEED) BROWSE DEBUG OBJECTEXTEND PRINT(.\Listin
                    -gs\lac1602_mfj.lst) TABS(2) OBJECT(.\Objects\lac1602_mfj.obj)

line level    source

   1          #include<reg51.h>
   2          #include<intrins.h>
   3          #include<string.h>
   4          #define DATA P0
   5          uchar code name[]={"Meng fan jun"};
   6          uchar code number[]={"20434020109"};
   7          /**********************************************LCD 1602***************************************************
             -***/
   8          sbit rs = P2^6;   //位变量
   9          sbit rw = P2^5;   //位变量
  10          sbit en = P2^7;   //位变量
  11          void check_BF()//检测忙标志
  12          {
  13   1         uchar x;    
  14   1        do   
  15   1        {  x=0xff;
  16   2           en=0;
  17   2           rs=0;    
  18   2           rw=1;
  19   2           en=1;
  20   2           x=DATA;    
  21   2        }while(x&0x80);
  22   1         en=0;      
  23   1      }
  24          void write_command(uchar cmd)  //写命令函数
  25          {
  26   1        check_BF();
  27   1        en=0;
  28   1        rs = 0;
  29   1        rw = 0;
  30   1        DATA = cmd;
  31   1        en = 1;
  32   1        _nop_();
  33   1        en = 0;
  34   1        delay_ms(1);
  35   1      }
  36          void write_data(uchar dat)//写数据函数
  37          {
  38   1        check_BF();
  39   1        en=0;
  40   1        rs = 1;
  41   1        rw = 0;
  42   1        DATA = dat;
  43   1        en = 1;
  44   1          _nop_();
  45   1        en = 0;
  46   1        delay_ms(1);
  47   1      }
  48          void write_init(){
  49   1        en = 0;
  50   1        write_command(0x38);
  51   1        write_command(0x0c);
  52   1        write_command(0x06);
  53   1        write_command(0x01);
C51 COMPILER V9.56.0.0   LAC1602_MFJ                                                       01/11/2022 14:39:52 PAGE 2   

  54   1        write_command(0x80);
  55   1      }
  56          
  57          void main()
  58          {
  59   1        
  60   1        uchar i;
  61   1        write_init();
  62   1        
  63   1        while(1)
  64   1        {
  65   2        write_command(0x82);//设置指针起点
  66   2        for(i=0;i<strlen(name);i++)
  67   2        {
  68   3          write_data(name[i]);
  69   3          delay_ms(5);
  70   3        }
  71   2        write_command(0x82+0x40);  
  72   2        for(i=0;i<strlen(number);i++)
  73   2        {
  74   3          write_data(number[i]);
  75   3          delay_ms(1);
  76   3        }
  77   2      }
  78   1      
  79   1      
  80   1      }


MODULE INFORMATION:   STATIC OVERLAYABLE
   CODE SIZE        =    484    ----
   CONSTANT SIZE    =     64    ----
   XDATA SIZE       =   ----    ----
   PDATA SIZE       =   ----    ----
   DATA SIZE        =   ----       7
   IDATA SIZE       =   ----    ----
   BIT SIZE         =   ----    ----
END OF MODULE INFORMATION.


C51 COMPILATION COMPLETE.  0 WARNING(S),  0 ERROR(S)
